{"logTime": "1124/212748", "correlationVector":"Ssvgpxh4RKI9qIkMXZ8Ufs.0","action":"FeedSettingFetch_homeCloud", "result":"0", "context":{}}
{"logTime": "1124/212749", "correlationVector":"/2zt8OAF4ezB16X8fs6xly.1","action":"SyncServerConnectionManagerRequest", "result":"SYNC_SERVER_OK", "context":{"environment":"Prod_EastUS2_000e", "server":"GENERAL0100000H"}}
{"logTime": "1124/212751", "correlationVector":"/2zt8OAF4ezB16X8fs6xly.2","action":"AAD.Mip.Unpack", "result":"Success", "context":MIP_CLOUD_COMMERCIAL:Success}
{"logTime": "1124/212751", "correlationVector":"/2zt8OAF4ezB16X8fs6xly.3","action":"AAD.GetKeyResponse", "result":"Success", "context":Keys=6.LastKeyStatus=Normal. 2022-08-04 15:58:09 -03.State=None. Tags: Current_encryption_keys_tag = 77+90J3vv70M77+9Gu+/ve+/ve+/ve+/vWIX77+94LOC77+9w5Lvv70Zc++/vRbvv70Gfe+/ve+/vTVk, Updated_current_encryption_keys_tag = Empty}
{"logTime": "1124/212751", "correlationVector":"/2zt8OAF4ezB16X8fs6xly","action":"Initial GetUpdates", "result":"", "context":Reason: NEW_CLIENT. cV=/2zt8OAF4ezB16X8fs6xly}
{"logTime": "1124/212751", "correlationVector":"/2zt8OAF4ezB16X8fs6xly.4","action":"GetUpdates Response", "result":"SYNCER_OK", "context":Received 1 update(s). cV=/2zt8OAF4ezB16X8fs6xly.0;server=GENERAL0100000H;cloudType=Multitenant;environment=Prod_EastUS2_000e}
{"logTime": "1124/212751", "correlationVector":"mEg7Ywtf6J/zArEFQec/xp","action":"Initial GetUpdates", "result":"", "context":Reason: NEW_CLIENT. cV=mEg7Ywtf6J/zArEFQec/xp}
{"logTime": "1124/212751", "correlationVector":"mEg7Ywtf6J/zArEFQec/xp.1","action":"SyncServerConnectionManagerRequest", "result":"SYNC_SERVER_OK", "context":{"environment":"Prod_EastUS2_000e", "server":"GENERAL01000010"}}
{"logTime": "1124/212751", "correlationVector":"mEg7Ywtf6J/zArEFQec/xp.2","action":"GetUpdates Response", "result":"SYNCER_OK", "context":Received 5 update(s). cV=mEg7Ywtf6J/zArEFQec/xp.0;server=GENERAL01000010;cloudType=Multitenant;environment=Prod_EastUS2_000e}
{"logTime": "1124/212751", "correlationVector":"bIne7gxIw2lWqmRebrdAkc","action":"Normal GetUpdate request", "result":"", "context":cV=bIne7gxIw2lWqmRebrdAkc
Nudged types: Device Info, User Consents
Refresh requested types: Device Info, User Consents, Send Tab To Self, Encryption Keys}
{"logTime": "1124/212752", "correlationVector":"bIne7gxIw2lWqmRebrdAkc.1","action":"SyncServerConnectionManagerRequest", "result":"SYNC_SERVER_OK", "context":{"environment":"Prod_EastUS2_000e", "server":"GENERAL0100002B"}}
{"logTime": "1124/212752", "correlationVector":"bIne7gxIw2lWqmRebrdAkc.2","action":"GetUpdates Response", "result":"SYNCER_OK", "context":Received 0 update(s). cV=bIne7gxIw2lWqmRebrdAkc.0;server=GENERAL0100002B;cloudType=Multitenant;environment=Prod_EastUS2_000e}
{"logTime": "1124/212752", "correlationVector":"UFtnjIGvr9Jqj+3vTO3oC0","action":"Commit Request", "result":"", "context":Item count: 1
Contributing types: Device Info}
{"logTime": "1124/212752", "correlationVector":"UFtnjIGvr9Jqj+3vTO3oC0.1","action":"SyncServerConnectionManagerRequest", "result":"SYNC_SERVER_OK", "context":{"environment":"Prod_EastUS2_000e", "server":"GENERAL0100000J"}}
{"logTime": "1124/212752", "correlationVector":"UFtnjIGvr9Jqj+3vTO3oC0.2","action":"Commit Response", "result":"SYNCER_OK", "context":Result: SYNCER_OK. cV=UFtnjIGvr9Jqj+3vTO3oC0.0;server=GENERAL0100000J;cloudType=Multitenant;environment=Prod_EastUS2_000e}
{"logTime": "1124/212752", "correlationVector":"4cApsyhpmC7GpojMVTrTU+","action":"Commit Request", "result":"", "context":Item count: 1
Contributing types: User Consents}
{"logTime": "1124/212753", "correlationVector":"4cApsyhpmC7GpojMVTrTU+.1","action":"SyncServerConnectionManagerRequest", "result":"SYNC_SERVER_OK", "context":{"environment":"Prod_EastUS2_000e", "server":"GENERAL01000011"}}
{"logTime": "1124/212753", "correlationVector":"4cApsyhpmC7GpojMVTrTU+.2","action":"Commit Response", "result":"SYNCER_OK", "context":Result: SYNCER_OK. cV=4cApsyhpmC7GpojMVTrTU+.0;server=GENERAL01000011;cloudType=Multitenant;environment=Prod_EastUS2_000e}
{"logTime": "1124/213137", "correlationVector":"3dx8J9w6LoSsCtn6KTeO5B.0","action":"FeedSettingFetch_homeCloud", "result":"0", "context":{}}
{"logTime": "1124/213137", "correlationVector":"iQ1drOhUVepQqXrDxQj/yy.1","action":"SyncServerConnectionManagerRequest", "result":"SYNC_SERVER_OK", "context":{"environment":"Prod_EastUS2_000e", "server":"GENERAL01000008"}}
{"logTime": "1124/213137", "correlationVector":"iQ1drOhUVepQqXrDxQj/yy.2","action":"AAD.Mip.Unpack", "result":"Success", "context":MIP_CLOUD_COMMERCIAL:Success}
{"logTime": "1124/213137", "correlationVector":"iQ1drOhUVepQqXrDxQj/yy.3","action":"AAD.GetKeyResponse", "result":"Success", "context":Keys=6.LastKeyStatus=Normal. 2022-08-04 15:58:09 -03.State=None. Tags: Current_encryption_keys_tag = 77+90J3vv70M77+9Gu+/ve+/ve+/ve+/vWIX77+94LOC77+9w5Lvv70Zc++/vRbvv70Gfe+/ve+/vTVk, Updated_current_encryption_keys_tag = Empty}
{"logTime": "1124/213137", "correlationVector":"iQ1drOhUVepQqXrDxQj/yy","action":"Initial GetUpdates", "result":"", "context":Reason: NEW_CLIENT. cV=iQ1drOhUVepQqXrDxQj/yy}
{"logTime": "1124/213137", "correlationVector":"iQ1drOhUVepQqXrDxQj/yy.4","action":"GetUpdates Response", "result":"SYNCER_OK", "context":Received 1 update(s). cV=iQ1drOhUVepQqXrDxQj/yy.0;server=GENERAL01000008;cloudType=Multitenant;environment=Prod_EastUS2_000e}
{"logTime": "1124/213137", "correlationVector":"y62nhNfXYnWD8MlJyzCuWX","action":"Normal GetUpdate request", "result":"", "context":cV=y62nhNfXYnWD8MlJyzCuWX
Refresh requested types: Device Info, User Consents, Send Tab To Self, Encryption Keys}
{"logTime": "1124/213137", "correlationVector":"y62nhNfXYnWD8MlJyzCuWX.1","action":"SyncServerConnectionManagerRequest", "result":"SYNC_SERVER_OK", "context":{"environment":"Prod_EastUS2_000e", "server":"GENERAL0100000L"}}
{"logTime": "1124/213137", "correlationVector":"y62nhNfXYnWD8MlJyzCuWX.2","action":"GetUpdates Response", "result":"SYNCER_OK", "context":Received 1 update(s). cV=y62nhNfXYnWD8MlJyzCuWX.0;server=GENERAL0100000L;cloudType=Multitenant;environment=Prod_EastUS2_000e}
